<?xml version="1.0" encoding="UTF-8"?>
<testng-results ignored="0" total="1" passed="1" failed="0" skipped="0">
  <reporter-output>
  </reporter-output>
  <suite started-at="2023-04-23T15:26:32 COT" name="Default suite" finished-at="2023-04-23T15:26:42 COT" duration-ms="9878">
    <groups>
    </groups>
    <test started-at="2023-04-23T15:26:32 COT" name="Default test" finished-at="2023-04-23T15:26:42 COT" duration-ms="9878">
      <class name="demoblaze.test.TC01_PurchaseTwoProductsTest">
        <test-method is-config="true" signature="launchApplication()[pri:0, instance:demoblaze.test.TC01_PurchaseTwoProductsTest@3012646b]" started-at="2023-04-23T15:26:32 COT" name="launchApplication" finished-at="2023-04-23T15:26:35 COT" duration-ms="2856" status="PASS">
          <reporter-output>
          </reporter-output>
        </test-method> <!-- launchApplication -->
        <test-method signature="PurchaseTwoProducts()[pri:0, instance:demoblaze.test.TC01_PurchaseTwoProductsTest@3012646b]" started-at="2023-04-23T15:26:35 COT" name="PurchaseTwoProducts" finished-at="2023-04-23T15:26:41 COT" duration-ms="6845" status="PASS">
          <reporter-output>
          </reporter-output>
        </test-method> <!-- PurchaseTwoProducts -->
        <test-method is-config="true" signature="TearDown()[pri:0, instance:demoblaze.test.TC01_PurchaseTwoProductsTest@3012646b]" started-at="2023-04-23T15:26:41 COT" name="TearDown" finished-at="2023-04-23T15:26:42 COT" duration-ms="119" status="PASS">
          <reporter-output>
          </reporter-output>
        </test-method> <!-- TearDown -->
      </class> <!-- demoblaze.test.TC01_PurchaseTwoProductsTest -->
    </test> <!-- Default test -->
  </suite> <!-- Default suite -->
</testng-results>
